# JRE version: OpenJDK Runtime Environment (8.0_242-b01) (build 1.8.0_242-release-1644-b01)
# Java VM: OpenJDK 64-Bit Server VM (25.242-b01 mixed mode windows-amd64 compressed oops)
Heap:
 PSYoungGen      total 573440K, used 373957K [0x00000000d5580000, 0x0000000100000000, 0x0000000100000000)
  eden space 448000K, 55% used [0x00000000d5580000,0x00000000e4831d38,0x00000000f0b00000)
  from space 125440K, 99% used [0x00000000f0b00000,0x00000000f857f8f8,0x00000000f8580000)
  to   space 125440K, 0% used [0x00000000f8580000,0x00000000f8580000,0x0000000100000000)
 ParOldGen       total 201216K, used 133774K [0x0000000080000000, 0x000000008c480000, 0x00000000d5580000)
  object space 201216K, 66% used [0x0000000080000000,0x00000000882a3b00,0x000000008c480000)
 Metaspace       used 116283K, capacity 123024K, committed 124824K, reserved 1157120K
  class space    used 15141K, capacity 16488K, committed 17320K, reserved 1048576K
GC Heap History (10 events):
Event: 11.197 GC heap before
{Heap before GC invocations=17 (full 4):
 PSYoungGen      total 535552K, used 476672K [0x00000000d5580000, 0x00000000fe400000, 0x0000000100000000)
  eden space 476672K, 100% used [0x00000000d5580000,0x00000000f2700000,0x00000000f2700000)
  from space 58880K, 0% used [0x00000000f7300000,0x00000000f7300000,0x00000000fac80000)
  to   space 77824K, 0% used [0x00000000f2700000,0x00000000f2700000,0x00000000f7300000)
 ParOldGen       total 201216K, used 118730K [0x0000000080000000, 0x000000008c480000, 0x00000000d5580000)
  object space 201216K, 59% used [0x0000000080000000,0x00000000873f2aa0,0x000000008c480000)
 Metaspace       used 94039K, capacity 98252K, committed 103704K, reserved 1138688K
  class space    used 12636K, capacity 13503K, committed 14888K, reserved 1048576K
Event: 11.227 GC heap after
Heap after GC invocations=17 (full 4):
 PSYoungGen      total 554496K, used 71322K [0x00000000d5580000, 0x0000000100000000, 0x0000000100000000)
  eden space 476672K, 0% used [0x00000000d5580000,0x00000000d5580000,0x00000000f2700000)
  from space 77824K, 91% used [0x00000000f2700000,0x00000000f6ca6a90,0x00000000f7300000)
  to   space 88576K, 0% used [0x00000000fa980000,0x00000000fa980000,0x0000000100000000)
 ParOldGen       total 201216K, used 118738K [0x0000000080000000, 0x000000008c480000, 0x00000000d5580000)
  object space 201216K, 59% used [0x0000000080000000,0x00000000873f4aa0,0x000000008c480000)
 Metaspace       used 94039K, capacity 98252K, committed 103704K, reserved 1138688K
  class space    used 12636K, capacity 13503K, committed 14888K, reserved 1048576K
}
Event: 490.014 GC heap before
{Heap before GC invocations=18 (full 4):
 PSYoungGen      total 554496K, used 547994K [0x00000000d5580000, 0x0000000100000000, 0x0000000100000000)
  eden space 476672K, 100% used [0x00000000d5580000,0x00000000f2700000,0x00000000f2700000)
  from space 77824K, 91% used [0x00000000f2700000,0x00000000f6ca6a90,0x00000000f7300000)
  to   space 88576K, 0% used [0x00000000fa980000,0x00000000fa980000,0x0000000100000000)
 ParOldGen       total 201216K, used 118738K [0x0000000080000000, 0x000000008c480000, 0x00000000d5580000)
  object space 201216K, 59% used [0x0000000080000000,0x00000000873f4aa0,0x000000008c480000)
 Metaspace       used 111240K, capacity 116870K, committed 119960K, reserved 1153024K
  class space    used 14621K, capacity 15741K, committed 16808K, reserved 1048576K
Event: 490.055 GC heap after
Heap after GC invocations=18 (full 4):
 PSYoungGen      total 581632K, used 88248K [0x00000000d5580000, 0x0000000100000000, 0x0000000100000000)
  eden space 493056K, 0% used [0x00000000d5580000,0x00000000d5580000,0x00000000f3700000)
  from space 88576K, 99% used [0x00000000fa980000,0x00000000fffae148,0x0000000100000000)
  to   space 102912K, 0% used [0x00000000f3700000,0x00000000f3700000,0x00000000f9b80000)
 ParOldGen       total 201216K, used 118746K [0x0000000080000000, 0x000000008c480000, 0x00000000d5580000)
  object space 201216K, 59% used [0x0000000080000000,0x00000000873f6aa0,0x000000008c480000)
 Metaspace       used 111240K, capacity 116870K, committed 119960K, reserved 1153024K
  class space    used 14621K, capacity 15741K, committed 16808K, reserved 1048576K
}
Event: 515.981 GC heap before
{Heap before GC invocations=19 (full 4):
 PSYoungGen      total 581632K, used 581304K [0x00000000d5580000, 0x0000000100000000, 0x0000000100000000)
  eden space 493056K, 100% used [0x00000000d5580000,0x00000000f3700000,0x00000000f3700000)
  from space 88576K, 99% used [0x00000000fa980000,0x00000000fffae148,0x0000000100000000)
  to   space 102912K, 0% used [0x00000000f3700000,0x00000000f3700000,0x00000000f9b80000)
 ParOldGen       total 201216K, used 118746K [0x0000000080000000, 0x000000008c480000, 0x00000000d5580000)
  object space 201216K, 59% used [0x0000000080000000,0x00000000873f6aa0,0x000000008c480000)
 Metaspace       used 112809K, capacity 118898K, committed 121496K, reserved 1153024K
  class space    used 14776K, capacity 16014K, committed 17064K, reserved 1048576K
Event: 516.006 GC heap after
Heap after GC invocations=19 (full 4):
 PSYoungGen      total 580608K, used 87487K [0x00000000d5580000, 0x0000000100000000, 0x0000000100000000)
  eden space 493056K, 0% used [0x00000000d5580000,0x00000000d5580000,0x00000000f3700000)
  from space 87552K, 99% used [0x00000000f3700000,0x00000000f8c6fdd0,0x00000000f8c80000)
  to   space 114688K, 0% used [0x00000000f9000000,0x00000000f9000000,0x0000000100000000)
 ParOldGen       total 201216K, used 118754K [0x0000000080000000, 0x000000008c480000, 0x00000000d5580000)
  object space 201216K, 59% used [0x0000000080000000,0x00000000873f8aa0,0x000000008c480000)
 Metaspace       used 112809K, capacity 118898K, committed 121496K, reserved 1153024K
  class space    used 14776K, capacity 16014K, committed 17064K, reserved 1048576K
}
Event: 1339.694 GC heap before
{Heap before GC invocations=20 (full 4):
 PSYoungGen      total 580608K, used 580543K [0x00000000d5580000, 0x0000000100000000, 0x0000000100000000)
  eden space 493056K, 100% used [0x00000000d5580000,0x00000000f3700000,0x00000000f3700000)
  from space 87552K, 99% used [0x00000000f3700000,0x00000000f8c6fdd0,0x00000000f8c80000)
  to   space 114688K, 0% used [0x00000000f9000000,0x00000000f9000000,0x0000000100000000)
 ParOldGen       total 201216K, used 118754K [0x0000000080000000, 0x000000008c480000, 0x00000000d5580000)
  object space 201216K, 59% used [0x0000000080000000,0x00000000873f8aa0,0x000000008c480000)
 Metaspace       used 114379K, capacity 120890K, committed 123160K, reserved 1155072K
  class space    used 14914K, capacity 16181K, committed 17192K, reserved 1048576K
Event: 1339.721 GC heap after
Heap after GC invocations=20 (full 4):
 PSYoungGen      total 562688K, used 92662K [0x00000000d5580000, 0x0000000100000000, 0x0000000100000000)
  eden space 448000K, 0% used [0x00000000d5580000,0x00000000d5580000,0x00000000f0b00000)
  from space 114688K, 80% used [0x00000000f9000000,0x00000000fea7d868,0x0000000100000000)
  to   space 125440K, 0% used [0x00000000f0b00000,0x00000000f0b00000,0x00000000f8580000)
 ParOldGen       total 201216K, used 118762K [0x0000000080000000, 0x000000008c480000, 0x00000000d5580000)
  object space 201216K, 59% used [0x0000000080000000,0x00000000873faaa0,0x000000008c480000)
 Metaspace       used 114379K, capacity 120890K, committed 123160K, reserved 1155072K
  class space    used 14914K, capacity 16181K, committed 17192K, reserved 1048576K
}
Event: 1340.806 GC heap before
{Heap before GC invocations=21 (full 4):
 PSYoungGen      total 562688K, used 540662K [0x00000000d5580000, 0x0000000100000000, 0x0000000100000000)
  eden space 448000K, 100% used [0x00000000d5580000,0x00000000f0b00000,0x00000000f0b00000)
  from space 114688K, 80% used [0x00000000f9000000,0x00000000fea7d868,0x0000000100000000)
  to   space 125440K, 0% used [0x00000000f0b00000,0x00000000f0b00000,0x00000000f8580000)
 ParOldGen       total 201216K, used 118762K [0x0000000080000000, 0x000000008c480000, 0x00000000d5580000)
  object space 201216K, 59% used [0x0000000080000000,0x00000000873faaa0,0x000000008c480000)
 Metaspace       used 115682K, capacity 122336K, committed 124312K, reserved 1157120K
  class space    used 15060K, capacity 16384K, committed 17320K, reserved 1048576K
Event: 1340.852 GC heap after
Heap after GC invocations=21 (full 4):
 PSYoungGen      total 573440K, used 125438K [0x00000000d5580000, 0x0000000100000000, 0x0000000100000000)
  eden space 448000K, 0% used [0x00000000d5580000,0x00000000d5580000,0x00000000f0b00000)
  from space 125440K, 99% used [0x00000000f0b00000,0x00000000f857f8f8,0x00000000f8580000)
  to   space 125440K, 0% used [0x00000000f8580000,0x00000000f8580000,0x0000000100000000)
 ParOldGen       total 201216K, used 133774K [0x0000000080000000, 0x000000008c480000, 0x00000000d5580000)
  object space 201216K, 66% used [0x0000000080000000,0x00000000882a3b00,0x000000008c480000)
 Metaspace       used 115682K, capacity 122336K, committed 124312K, reserved 1157120K
  class space    used 15060K, capacity 16384K, committed 17320K, reserved 1048576K
}

