# JRE version: OpenJDK Runtime Environment (8.0_242-b01) (build 1.8.0_242-release-1644-b01)
# Java VM: OpenJDK 64-Bit Server VM (25.242-b01 mixed mode windows-amd64 compressed oops)
Heap:
 PSYoungGen      total 645632K, used 310011K [0x00000000d5580000, 0x00000000fff80000, 0x0000000100000000)
  eden space 596992K, 50% used [0x00000000d5580000,0x00000000e7c9d5d8,0x00000000f9c80000)
  from space 48640K, 16% used [0x00000000f9c80000,0x00000000fa4218e0,0x00000000fcc00000)
  to   space 48640K, 0% used [0x00000000fd000000,0x00000000fd000000,0x00000000fff80000)
 ParOldGen       total 349696K, used 150784K [0x0000000080000000, 0x0000000095580000, 0x00000000d5580000)
  object space 349696K, 43% used [0x0000000080000000,0x00000000893403c0,0x0000000095580000)
 Metaspace       used 117106K, capacity 124730K, committed 124952K, reserved 1157120K
  class space    used 15249K, capacity 16599K, committed 16688K, reserved 1048576K
GC Heap History (10 events):
Event: 528.593 GC heap before
{Heap before GC invocations=21 (full 4):
 PSYoungGen      total 464384K, used 464368K [0x00000000d5580000, 0x00000000f8780000, 0x0000000100000000)
  eden space 422400K, 100% used [0x00000000d5580000,0x00000000ef200000,0x00000000ef200000)
  from space 41984K, 99% used [0x00000000f2400000,0x00000000f4cfc2d0,0x00000000f4d00000)
  to   space 51200K, 0% used [0x00000000ef200000,0x00000000ef200000,0x00000000f2400000)
 ParOldGen       total 349696K, used 92907K [0x0000000080000000, 0x0000000095580000, 0x00000000d5580000)
  object space 349696K, 26% used [0x0000000080000000,0x0000000085abad50,0x0000000095580000)
 Metaspace       used 116230K, capacity 123766K, committed 123928K, reserved 1157120K
  class space    used 15237K, capacity 16589K, committed 16688K, reserved 1048576K
Event: 528.619 GC heap after
Heap after GC invocations=21 (full 4):
 PSYoungGen      total 473600K, used 31522K [0x00000000d5580000, 0x00000000faa80000, 0x0000000100000000)
  eden space 422400K, 0% used [0x00000000d5580000,0x00000000d5580000,0x00000000ef200000)
  from space 51200K, 61% used [0x00000000ef200000,0x00000000f10c8820,0x00000000f2400000)
  to   space 51712K, 0% used [0x00000000f7800000,0x00000000f7800000,0x00000000faa80000)
 ParOldGen       total 349696K, used 104017K [0x0000000080000000, 0x0000000095580000, 0x00000000d5580000)
  object space 349696K, 29% used [0x0000000080000000,0x0000000086594758,0x0000000095580000)
 Metaspace       used 116230K, capacity 123766K, committed 123928K, reserved 1157120K
  class space    used 15237K, capacity 16589K, committed 16688K, reserved 1048576K
}
Event: 529.005 GC heap before
{Heap before GC invocations=22 (full 4):
 PSYoungGen      total 473600K, used 453922K [0x00000000d5580000, 0x00000000faa80000, 0x0000000100000000)
  eden space 422400K, 100% used [0x00000000d5580000,0x00000000ef200000,0x00000000ef200000)
  from space 51200K, 61% used [0x00000000ef200000,0x00000000f10c8820,0x00000000f2400000)
  to   space 51712K, 0% used [0x00000000f7800000,0x00000000f7800000,0x00000000faa80000)
 ParOldGen       total 349696K, used 104017K [0x0000000080000000, 0x0000000095580000, 0x00000000d5580000)
  object space 349696K, 29% used [0x0000000080000000,0x0000000086594758,0x0000000095580000)
 Metaspace       used 116492K, capacity 123972K, committed 124184K, reserved 1157120K
  class space    used 15238K, capacity 16590K, committed 16688K, reserved 1048576K
Event: 529.028 GC heap after
Heap after GC invocations=22 (full 4):
 PSYoungGen      total 560640K, used 28217K [0x00000000d5580000, 0x00000000fb200000, 0x0000000100000000)
  eden space 508928K, 0% used [0x00000000d5580000,0x00000000d5580000,0x00000000f4680000)
  from space 51712K, 54% used [0x00000000f7800000,0x00000000f938e620,0x00000000faa80000)
  to   space 50688K, 0% used [0x00000000f4680000,0x00000000f4680000,0x00000000f7800000)
 ParOldGen       total 349696K, used 119440K [0x0000000080000000, 0x0000000095580000, 0x00000000d5580000)
  object space 349696K, 34% used [0x0000000080000000,0x00000000874a41f8,0x0000000095580000)
 Metaspace       used 116492K, capacity 123972K, committed 124184K, reserved 1157120K
  class space    used 15238K, capacity 16590K, committed 16688K, reserved 1048576K
}
Event: 529.450 GC heap before
{Heap before GC invocations=23 (full 4):
 PSYoungGen      total 560640K, used 537145K [0x00000000d5580000, 0x00000000fb200000, 0x0000000100000000)
  eden space 508928K, 100% used [0x00000000d5580000,0x00000000f4680000,0x00000000f4680000)
  from space 51712K, 54% used [0x00000000f7800000,0x00000000f938e620,0x00000000faa80000)
  to   space 50688K, 0% used [0x00000000f4680000,0x00000000f4680000,0x00000000f7800000)
 ParOldGen       total 349696K, used 119440K [0x0000000080000000, 0x0000000095580000, 0x00000000d5580000)
  object space 349696K, 34% used [0x0000000080000000,0x00000000874a41f8,0x0000000095580000)
 Metaspace       used 116819K, capacity 124352K, committed 124696K, reserved 1157120K
  class space    used 15239K, capacity 16592K, committed 16688K, reserved 1048576K
Event: 529.475 GC heap after
Heap after GC invocations=23 (full 4):
 PSYoungGen      total 559616K, used 17043K [0x00000000d5580000, 0x00000000ffc00000, 0x0000000100000000)
  eden space 508928K, 0% used [0x00000000d5580000,0x00000000d5580000,0x00000000f4680000)
  from space 50688K, 33% used [0x00000000f4680000,0x00000000f5724f90,0x00000000f7800000)
  to   space 49152K, 0% used [0x00000000fcc00000,0x00000000fcc00000,0x00000000ffc00000)
 ParOldGen       total 349696K, used 131914K [0x0000000080000000, 0x0000000095580000, 0x00000000d5580000)
  object space 349696K, 37% used [0x0000000080000000,0x00000000880d2ae0,0x0000000095580000)
 Metaspace       used 116819K, capacity 124352K, committed 124696K, reserved 1157120K
  class space    used 15239K, capacity 16592K, committed 16688K, reserved 1048576K
}
Event: 529.875 GC heap before
{Heap before GC invocations=24 (full 4):
 PSYoungGen      total 559616K, used 525971K [0x00000000d5580000, 0x00000000ffc00000, 0x0000000100000000)
  eden space 508928K, 100% used [0x00000000d5580000,0x00000000f4680000,0x00000000f4680000)
  from space 50688K, 33% used [0x00000000f4680000,0x00000000f5724f90,0x00000000f7800000)
  to   space 49152K, 0% used [0x00000000fcc00000,0x00000000fcc00000,0x00000000ffc00000)
 ParOldGen       total 349696K, used 131914K [0x0000000080000000, 0x0000000095580000, 0x00000000d5580000)
  object space 349696K, 37% used [0x0000000080000000,0x00000000880d2ae0,0x0000000095580000)
 Metaspace       used 116999K, capacity 124662K, committed 124952K, reserved 1157120K
  class space    used 15249K, capacity 16599K, committed 16688K, reserved 1048576K
Event: 529.894 GC heap after
Heap after GC invocations=24 (full 4):
 PSYoungGen      total 646144K, used 10099K [0x00000000d5580000, 0x00000000ffd80000, 0x0000000100000000)
  eden space 596992K, 0% used [0x00000000d5580000,0x00000000d5580000,0x00000000f9c80000)
  from space 49152K, 20% used [0x00000000fcc00000,0x00000000fd5dccb8,0x00000000ffc00000)
  to   space 48640K, 0% used [0x00000000f9c80000,0x00000000f9c80000,0x00000000fcc00000)
 ParOldGen       total 349696K, used 145237K [0x0000000080000000, 0x0000000095580000, 0x00000000d5580000)
  object space 349696K, 41% used [0x0000000080000000,0x0000000088dd5568,0x0000000095580000)
 Metaspace       used 116999K, capacity 124662K, committed 124952K, reserved 1157120K
  class space    used 15249K, capacity 16599K, committed 16688K, reserved 1048576K
}
Event: 530.413 GC heap before
{Heap before GC invocations=25 (full 4):
 PSYoungGen      total 646144K, used 607091K [0x00000000d5580000, 0x00000000ffd80000, 0x0000000100000000)
  eden space 596992K, 100% used [0x00000000d5580000,0x00000000f9c80000,0x00000000f9c80000)
  from space 49152K, 20% used [0x00000000fcc00000,0x00000000fd5dccb8,0x00000000ffc00000)
  to   space 48640K, 0% used [0x00000000f9c80000,0x00000000f9c80000,0x00000000fcc00000)
 ParOldGen       total 349696K, used 145237K [0x0000000080000000, 0x0000000095580000, 0x00000000d5580000)
  object space 349696K, 41% used [0x0000000080000000,0x0000000088dd5568,0x0000000095580000)
 Metaspace       used 117089K, capacity 124730K, committed 124952K, reserved 1157120K
  class space    used 15249K, capacity 16599K, committed 16688K, reserved 1048576K
Event: 530.423 GC heap after
Heap after GC invocations=25 (full 4):
 PSYoungGen      total 645632K, used 7814K [0x00000000d5580000, 0x00000000fff80000, 0x0000000100000000)
  eden space 596992K, 0% used [0x00000000d5580000,0x00000000d5580000,0x00000000f9c80000)
  from space 48640K, 16% used [0x00000000f9c80000,0x00000000fa4218e0,0x00000000fcc00000)
  to   space 48640K, 0% used [0x00000000fd000000,0x00000000fd000000,0x00000000fff80000)
 ParOldGen       total 349696K, used 150784K [0x0000000080000000, 0x0000000095580000, 0x00000000d5580000)
  object space 349696K, 43% used [0x0000000080000000,0x00000000893403c0,0x0000000095580000)
 Metaspace       used 117089K, capacity 124730K, committed 124952K, reserved 1157120K
  class space    used 15249K, capacity 16599K, committed 16688K, reserved 1048576K
}

