# JRE version: OpenJDK Runtime Environment (8.0_242-b01) (build 1.8.0_242-release-1644-b01)
# Java VM: OpenJDK 64-Bit Server VM (25.242-b01 mixed mode windows-amd64 compressed oops)
Heap:
 PSYoungGen      total 237056K, used 46933K [0x00000000d5580000, 0x00000000e4e80000, 0x0000000100000000)
  eden space 225280K, 20% used [0x00000000d5580000,0x00000000d8355590,0x00000000e3180000)
  from space 11776K, 0% used [0x00000000e4300000,0x00000000e4300000,0x00000000e4e80000)
  to   space 14848K, 0% used [0x00000000e3180000,0x00000000e3180000,0x00000000e4000000)
 ParOldGen       total 132608K, used 33311K [0x0000000080000000, 0x0000000088180000, 0x00000000d5580000)
  object space 132608K, 25% used [0x0000000080000000,0x0000000082087f20,0x0000000088180000)
 Metaspace       used 59595K, capacity 61706K, committed 61976K, reserved 1101824K
  class space    used 8144K, capacity 8628K, committed 8744K, reserved 1048576K
GC Heap History (10 events):
Event: 2.287 GC heap before
{Heap before GC invocations=7 (full 1):
 PSYoungGen      total 141824K, used 67244K [0x00000000d5580000, 0x00000000e5280000, 0x0000000100000000)
  eden space 131072K, 43% used [0x00000000d5580000,0x00000000d8cb02c0,0x00000000dd580000)
  from space 10752K, 99% used [0x00000000dd580000,0x00000000ddffad58,0x00000000de000000)
  to   space 15872K, 0% used [0x00000000e4300000,0x00000000e4300000,0x00000000e5280000)
 ParOldGen       total 90112K, used 10277K [0x0000000080000000, 0x0000000085800000, 0x00000000d5580000)
  object space 90112K, 11% used [0x0000000080000000,0x0000000080a097f0,0x0000000085800000)
 Metaspace       used 34487K, capacity 35354K, committed 35496K, reserved 1079296K
  class space    used 4721K, capacity 4938K, committed 5032K, reserved 1048576K
Event: 2.291 GC heap after
Heap after GC invocations=7 (full 1):
 PSYoungGen      total 237056K, used 9665K [0x00000000d5580000, 0x00000000e4e80000, 0x0000000100000000)
  eden space 225280K, 0% used [0x00000000d5580000,0x00000000d5580000,0x00000000e3180000)
  from space 11776K, 82% used [0x00000000e4300000,0x00000000e4c70458,0x00000000e4e80000)
  to   space 14848K, 0% used [0x00000000e3180000,0x00000000e3180000,0x00000000e4000000)
 ParOldGen       total 90112K, used 10285K [0x0000000080000000, 0x0000000085800000, 0x00000000d5580000)
  object space 90112K, 11% used [0x0000000080000000,0x0000000080a0b7f0,0x0000000085800000)
 Metaspace       used 34487K, capacity 35354K, committed 35496K, reserved 1079296K
  class space    used 4721K, capacity 4938K, committed 5032K, reserved 1048576K
}
Event: 2.291 GC heap before
{Heap before GC invocations=8 (full 2):
 PSYoungGen      total 237056K, used 9665K [0x00000000d5580000, 0x00000000e4e80000, 0x0000000100000000)
  eden space 225280K, 0% used [0x00000000d5580000,0x00000000d5580000,0x00000000e3180000)
  from space 11776K, 82% used [0x00000000e4300000,0x00000000e4c70458,0x00000000e4e80000)
  to   space 14848K, 0% used [0x00000000e3180000,0x00000000e3180000,0x00000000e4000000)
 ParOldGen       total 90112K, used 10285K [0x0000000080000000, 0x0000000085800000, 0x00000000d5580000)
  object space 90112K, 11% used [0x0000000080000000,0x0000000080a0b7f0,0x0000000085800000)
 Metaspace       used 34487K, capacity 35354K, committed 35496K, reserved 1079296K
  class space    used 4721K, capacity 4938K, committed 5032K, reserved 1048576K
Event: 2.319 GC heap after
Heap after GC invocations=8 (full 2):
 PSYoungGen      total 237056K, used 0K [0x00000000d5580000, 0x00000000e4e80000, 0x0000000100000000)
  eden space 225280K, 0% used [0x00000000d5580000,0x00000000d5580000,0x00000000e3180000)
  from space 11776K, 0% used [0x00000000e4300000,0x00000000e4300000,0x00000000e4e80000)
  to   space 14848K, 0% used [0x00000000e3180000,0x00000000e3180000,0x00000000e4000000)
 ParOldGen       total 132608K, used 16490K [0x0000000080000000, 0x0000000088180000, 0x00000000d5580000)
  object space 132608K, 12% used [0x0000000080000000,0x000000008101aa28,0x0000000088180000)
 Metaspace       used 34487K, capacity 35354K, committed 35496K, reserved 1079296K
  class space    used 4721K, capacity 4938K, committed 5032K, reserved 1048576K
}
Event: 3.633 GC heap before
{Heap before GC invocations=9 (full 2):
 PSYoungGen      total 237056K, used 225280K [0x00000000d5580000, 0x00000000e4e80000, 0x0000000100000000)
  eden space 225280K, 100% used [0x00000000d5580000,0x00000000e3180000,0x00000000e3180000)
  from space 11776K, 0% used [0x00000000e4300000,0x00000000e4300000,0x00000000e4e80000)
  to   space 14848K, 0% used [0x00000000e3180000,0x00000000e3180000,0x00000000e4000000)
 ParOldGen       total 132608K, used 16490K [0x0000000080000000, 0x0000000088180000, 0x00000000d5580000)
  object space 132608K, 12% used [0x0000000080000000,0x000000008101aa28,0x0000000088180000)
 Metaspace       used 51939K, capacity 53748K, committed 53928K, reserved 1095680K
  class space    used 6915K, capacity 7313K, committed 7336K, reserved 1048576K
Event: 3.647 GC heap after
Heap after GC invocations=9 (full 2):
 PSYoungGen      total 240128K, used 14840K [0x00000000d5580000, 0x00000000e4e80000, 0x0000000100000000)
  eden space 225280K, 0% used [0x00000000d5580000,0x00000000d5580000,0x00000000e3180000)
  from space 14848K, 99% used [0x00000000e3180000,0x00000000e3ffe1a0,0x00000000e4000000)
  to   space 11776K, 0% used [0x00000000e4300000,0x00000000e4300000,0x00000000e4e80000)
 ParOldGen       total 132608K, used 27328K [0x0000000080000000, 0x0000000088180000, 0x00000000d5580000)
  object space 132608K, 20% used [0x0000000080000000,0x0000000081ab01a0,0x0000000088180000)
 Metaspace       used 51939K, capacity 53748K, committed 53928K, reserved 1095680K
  class space    used 6915K, capacity 7313K, committed 7336K, reserved 1048576K
}
Event: 4.058 GC heap before
{Heap before GC invocations=10 (full 2):
 PSYoungGen      total 240128K, used 74100K [0x00000000d5580000, 0x00000000e4e80000, 0x0000000100000000)
  eden space 225280K, 26% used [0x00000000d5580000,0x00000000d8f5f0e8,0x00000000e3180000)
  from space 14848K, 99% used [0x00000000e3180000,0x00000000e3ffe1a0,0x00000000e4000000)
  to   space 11776K, 0% used [0x00000000e4300000,0x00000000e4300000,0x00000000e4e80000)
 ParOldGen       total 132608K, used 27328K [0x0000000080000000, 0x0000000088180000, 0x00000000d5580000)
  object space 132608K, 20% used [0x0000000080000000,0x0000000081ab01a0,0x0000000088180000)
 Metaspace       used 56977K, capacity 59092K, committed 59160K, reserved 1099776K
  class space    used 7704K, capacity 8181K, committed 8232K, reserved 1048576K
Event: 4.067 GC heap after
Heap after GC invocations=10 (full 2):
 PSYoungGen      total 237056K, used 11748K [0x00000000d5580000, 0x00000000e4e80000, 0x0000000100000000)
  eden space 225280K, 0% used [0x00000000d5580000,0x00000000d5580000,0x00000000e3180000)
  from space 11776K, 99% used [0x00000000e4300000,0x00000000e4e79330,0x00000000e4e80000)
  to   space 14848K, 0% used [0x00000000e3180000,0x00000000e3180000,0x00000000e4000000)
 ParOldGen       total 132608K, used 36024K [0x0000000080000000, 0x0000000088180000, 0x00000000d5580000)
  object space 132608K, 27% used [0x0000000080000000,0x000000008232e2a0,0x0000000088180000)
 Metaspace       used 56977K, capacity 59092K, committed 59160K, reserved 1099776K
  class space    used 7704K, capacity 8181K, committed 8232K, reserved 1048576K
}
Event: 4.067 GC heap before
{Heap before GC invocations=11 (full 3):
 PSYoungGen      total 237056K, used 11748K [0x00000000d5580000, 0x00000000e4e80000, 0x0000000100000000)
  eden space 225280K, 0% used [0x00000000d5580000,0x00000000d5580000,0x00000000e3180000)
  from space 11776K, 99% used [0x00000000e4300000,0x00000000e4e79330,0x00000000e4e80000)
  to   space 14848K, 0% used [0x00000000e3180000,0x00000000e3180000,0x00000000e4000000)
 ParOldGen       total 132608K, used 36024K [0x0000000080000000, 0x0000000088180000, 0x00000000d5580000)
  object space 132608K, 27% used [0x0000000080000000,0x000000008232e2a0,0x0000000088180000)
 Metaspace       used 56977K, capacity 59092K, committed 59160K, reserved 1099776K
  class space    used 7704K, capacity 8181K, committed 8232K, reserved 1048576K
Event: 4.205 GC heap after
Heap after GC invocations=11 (full 3):
 PSYoungGen      total 237056K, used 0K [0x00000000d5580000, 0x00000000e4e80000, 0x0000000100000000)
  eden space 225280K, 0% used [0x00000000d5580000,0x00000000d5580000,0x00000000e3180000)
  from space 11776K, 0% used [0x00000000e4300000,0x00000000e4300000,0x00000000e4e80000)
  to   space 14848K, 0% used [0x00000000e3180000,0x00000000e3180000,0x00000000e4000000)
 ParOldGen       total 132608K, used 33311K [0x0000000080000000, 0x0000000088180000, 0x00000000d5580000)
  object space 132608K, 25% used [0x0000000080000000,0x0000000082087f20,0x0000000088180000)
 Metaspace       used 56943K, capacity 58978K, committed 59160K, reserved 1099776K
  class space    used 7693K, capacity 8162K, committed 8232K, reserved 1048576K
}

