# JRE version: OpenJDK Runtime Environment (8.0_242-b01) (build 1.8.0_242-release-1644-b01)
# Java VM: OpenJDK 64-Bit Server VM (25.242-b01 mixed mode windows-amd64 compressed oops)
Heap:
 PSYoungGen      total 541184K, used 403113K [0x00000000d5580000, 0x0000000100000000, 0x0000000100000000)
  eden space 438784K, 68% used [0x00000000d5580000,0x00000000e7b2def8,0x00000000f0200000)
  from space 102400K, 99% used [0x00000000f9c00000,0x00000000ffffc5f8,0x0000000100000000)
  to   space 130048K, 0% used [0x00000000f0200000,0x00000000f0200000,0x00000000f8100000)
 ParOldGen       total 358400K, used 224063K [0x0000000080000000, 0x0000000095e00000, 0x00000000d5580000)
  object space 358400K, 62% used [0x0000000080000000,0x000000008dacff18,0x0000000095e00000)
 Metaspace       used 102946K, capacity 108345K, committed 110248K, reserved 1144832K
  class space    used 13478K, capacity 14494K, committed 15040K, reserved 1048576K
GC Heap History (10 events):
Event: 9.384 GC heap before
{Heap before GC invocations=16 (full 4):
 PSYoungGen      total 503808K, used 44466K [0x00000000d5580000, 0x00000000f9b80000, 0x0000000100000000)
  eden space 450048K, 0% used [0x00000000d5580000,0x00000000d5580000,0x00000000f0d00000)
  from space 53760K, 82% used [0x00000000f4680000,0x00000000f71ec9b0,0x00000000f7b00000)
  to   space 58880K, 0% used [0x00000000f0d00000,0x00000000f0d00000,0x00000000f4680000)
 ParOldGen       total 208384K, used 95964K [0x0000000080000000, 0x000000008cb80000, 0x00000000d5580000)
  object space 208384K, 46% used [0x0000000080000000,0x0000000085db7080,0x000000008cb80000)
 Metaspace       used 92018K, capacity 98599K, committed 98600K, reserved 1134592K
  class space    used 12646K, capacity 13888K, committed 13888K, reserved 1048576K
Event: 9.505 GC heap after
Heap after GC invocations=16 (full 4):
 PSYoungGen      total 503808K, used 0K [0x00000000d5580000, 0x00000000f9b80000, 0x0000000100000000)
  eden space 450048K, 0% used [0x00000000d5580000,0x00000000d5580000,0x00000000f0d00000)
  from space 53760K, 0% used [0x00000000f4680000,0x00000000f4680000,0x00000000f7b00000)
  to   space 58880K, 0% used [0x00000000f0d00000,0x00000000f0d00000,0x00000000f4680000)
 ParOldGen       total 358400K, used 110033K [0x0000000080000000, 0x0000000095e00000, 0x00000000d5580000)
  object space 358400K, 30% used [0x0000000080000000,0x0000000086b74648,0x0000000095e00000)
 Metaspace       used 90238K, capacity 93995K, committed 98600K, reserved 1134592K
  class space    used 12041K, capacity 12810K, committed 13888K, reserved 1048576K
}
Event: 10.614 GC heap before
{Heap before GC invocations=17 (full 4):
 PSYoungGen      total 503808K, used 449881K [0x00000000d5580000, 0x00000000f9b80000, 0x0000000100000000)
  eden space 450048K, 99% used [0x00000000d5580000,0x00000000f0cd66f8,0x00000000f0d00000)
  from space 53760K, 0% used [0x00000000f4680000,0x00000000f4680000,0x00000000f7b00000)
  to   space 58880K, 0% used [0x00000000f0d00000,0x00000000f0d00000,0x00000000f4680000)
 ParOldGen       total 358400K, used 110033K [0x0000000080000000, 0x0000000095e00000, 0x00000000d5580000)
  object space 358400K, 30% used [0x0000000080000000,0x0000000086b74648,0x0000000095e00000)
 Metaspace       used 94764K, capacity 99571K, committed 102696K, reserved 1138688K
  class space    used 12665K, capacity 13609K, committed 14400K, reserved 1048576K
Event: 10.657 GC heap after
Heap after GC invocations=17 (full 4):
 PSYoungGen      total 508928K, used 58870K [0x00000000d5580000, 0x0000000100000000, 0x0000000100000000)
  eden space 450048K, 0% used [0x00000000d5580000,0x00000000d5580000,0x00000000f0d00000)
  from space 58880K, 99% used [0x00000000f0d00000,0x00000000f467dae0,0x00000000f4680000)
  to   space 80384K, 0% used [0x00000000fb180000,0x00000000fb180000,0x0000000100000000)
 ParOldGen       total 358400K, used 142545K [0x0000000080000000, 0x0000000095e00000, 0x00000000d5580000)
  object space 358400K, 39% used [0x0000000080000000,0x0000000088b345e8,0x0000000095e00000)
 Metaspace       used 94764K, capacity 99571K, committed 102696K, reserved 1138688K
  class space    used 12665K, capacity 13609K, committed 14400K, reserved 1048576K
}
Event: 11.985 GC heap before
{Heap before GC invocations=18 (full 4):
 PSYoungGen      total 508928K, used 508824K [0x00000000d5580000, 0x0000000100000000, 0x0000000100000000)
  eden space 450048K, 99% used [0x00000000d5580000,0x00000000f0ce8840,0x00000000f0d00000)
  from space 58880K, 99% used [0x00000000f0d00000,0x00000000f467dae0,0x00000000f4680000)
  to   space 80384K, 0% used [0x00000000fb180000,0x00000000fb180000,0x0000000100000000)
 ParOldGen       total 358400K, used 142545K [0x0000000080000000, 0x0000000095e00000, 0x00000000d5580000)
  object space 358400K, 39% used [0x0000000080000000,0x0000000088b345e8,0x0000000095e00000)
 Metaspace       used 95006K, capacity 99835K, committed 102952K, reserved 1138688K
  class space    used 12673K, capacity 13609K, committed 14400K, reserved 1048576K
Event: 12.037 GC heap after
Heap after GC invocations=18 (full 4):
 PSYoungGen      total 565248K, used 80357K [0x00000000d5580000, 0x0000000100000000, 0x0000000100000000)
  eden space 484864K, 0% used [0x00000000d5580000,0x00000000d5580000,0x00000000f2f00000)
  from space 80384K, 99% used [0x00000000fb180000,0x00000000ffff9660,0x0000000100000000)
  to   space 107008K, 0% used [0x00000000f2f00000,0x00000000f2f00000,0x00000000f9780000)
 ParOldGen       total 358400K, used 179056K [0x0000000080000000, 0x0000000095e00000, 0x00000000d5580000)
  object space 358400K, 49% used [0x0000000080000000,0x000000008aedc2e0,0x0000000095e00000)
 Metaspace       used 95006K, capacity 99835K, committed 102952K, reserved 1138688K
  class space    used 12673K, capacity 13609K, committed 14400K, reserved 1048576K
}
Event: 88.765 GC heap before
{Heap before GC invocations=19 (full 4):
 PSYoungGen      total 565248K, used 565221K [0x00000000d5580000, 0x0000000100000000, 0x0000000100000000)
  eden space 484864K, 100% used [0x00000000d5580000,0x00000000f2f00000,0x00000000f2f00000)
  from space 80384K, 99% used [0x00000000fb180000,0x00000000ffff9660,0x0000000100000000)
  to   space 107008K, 0% used [0x00000000f2f00000,0x00000000f2f00000,0x00000000f9780000)
 ParOldGen       total 358400K, used 179056K [0x0000000080000000, 0x0000000095e00000, 0x00000000d5580000)
  object space 358400K, 49% used [0x0000000080000000,0x000000008aedc2e0,0x0000000095e00000)
 Metaspace       used 102109K, capacity 107295K, committed 109480K, reserved 1144832K
  class space    used 13448K, capacity 14449K, committed 15040K, reserved 1048576K
Event: 88.785 GC heap after
Heap after GC invocations=19 (full 4):
 PSYoungGen      total 591872K, used 26730K [0x00000000d5580000, 0x0000000100000000, 0x0000000100000000)
  eden space 484864K, 0% used [0x00000000d5580000,0x00000000d5580000,0x00000000f2f00000)
  from space 107008K, 24% used [0x00000000f2f00000,0x00000000f491ab08,0x00000000f9780000)
  to   space 102400K, 0% used [0x00000000f9c00000,0x00000000f9c00000,0x0000000100000000)
 ParOldGen       total 358400K, used 196528K [0x0000000080000000, 0x0000000095e00000, 0x00000000d5580000)
  object space 358400K, 54% used [0x0000000080000000,0x000000008bfec068,0x0000000095e00000)
 Metaspace       used 102109K, capacity 107295K, committed 109480K, reserved 1144832K
  class space    used 13448K, capacity 14449K, committed 15040K, reserved 1048576K
}
Event: 89.843 GC heap before
{Heap before GC invocations=20 (full 4):
 PSYoungGen      total 591872K, used 510230K [0x00000000d5580000, 0x0000000100000000, 0x0000000100000000)
  eden space 484864K, 99% used [0x00000000d5580000,0x00000000f2daacf8,0x00000000f2f00000)
  from space 107008K, 24% used [0x00000000f2f00000,0x00000000f491ab08,0x00000000f9780000)
  to   space 102400K, 0% used [0x00000000f9c00000,0x00000000f9c00000,0x0000000100000000)
 ParOldGen       total 358400K, used 196528K [0x0000000080000000, 0x0000000095e00000, 0x00000000d5580000)
  object space 358400K, 54% used [0x0000000080000000,0x000000008bfec068,0x0000000095e00000)
 Metaspace       used 102280K, capacity 107477K, committed 109480K, reserved 1144832K
  class space    used 13453K, capacity 14456K, committed 15040K, reserved 1048576K
Event: 89.898 GC heap after
Heap after GC invocations=20 (full 4):
 PSYoungGen      total 541184K, used 102385K [0x00000000d5580000, 0x0000000100000000, 0x0000000100000000)
  eden space 438784K, 0% used [0x00000000d5580000,0x00000000d5580000,0x00000000f0200000)
  from space 102400K, 99% used [0x00000000f9c00000,0x00000000ffffc5f8,0x0000000100000000)
  to   space 130048K, 0% used [0x00000000f0200000,0x00000000f0200000,0x00000000f8100000)
 ParOldGen       total 358400K, used 224063K [0x0000000080000000, 0x0000000095e00000, 0x00000000d5580000)
  object space 358400K, 62% used [0x0000000080000000,0x000000008dacff18,0x0000000095e00000)
 Metaspace       used 102280K, capacity 107477K, committed 109480K, reserved 1144832K
  class space    used 13453K, capacity 14456K, committed 15040K, reserved 1048576K
}

