# JRE version: OpenJDK Runtime Environment (8.0_242-b01) (build 1.8.0_242-release-1644-b01)
# Java VM: OpenJDK 64-Bit Server VM (25.242-b01 mixed mode windows-amd64 compressed oops)
Heap:
 PSYoungGen      total 533504K, used 194006K [0x00000000d5580000, 0x0000000100000000, 0x0000000100000000)
  eden space 438272K, 44% used [0x00000000d5580000,0x00000000e12f58f0,0x00000000f0180000)
  from space 95232K, 0% used [0x00000000f0180000,0x00000000f0180000,0x00000000f5e80000)
  to   space 94720K, 0% used [0x00000000fa380000,0x00000000fa380000,0x0000000100000000)
 ParOldGen       total 339456K, used 73350K [0x0000000080000000, 0x0000000094b80000, 0x00000000d5580000)
  object space 339456K, 21% used [0x0000000080000000,0x00000000847a1938,0x0000000094b80000)
 Metaspace       used 95386K, capacity 99660K, committed 104856K, reserved 1138688K
  class space    used 12674K, capacity 13523K, committed 15016K, reserved 1048576K
GC Heap History (10 events):
Event: 7.636 GC heap before
{Heap before GC invocations=13 (full 3):
 PSYoungGen      total 356864K, used 356849K [0x00000000d5580000, 0x00000000f1480000, 0x0000000100000000)
  eden space 331776K, 100% used [0x00000000d5580000,0x00000000e9980000,0x00000000e9980000)
  from space 25088K, 99% used [0x00000000e9980000,0x00000000eb1fc530,0x00000000eb200000)
  to   space 29696K, 0% used [0x00000000ef780000,0x00000000ef780000,0x00000000f1480000)
 ParOldGen       total 208896K, used 36492K [0x0000000080000000, 0x000000008cc00000, 0x00000000d5580000)
  object space 208896K, 17% used [0x0000000080000000,0x00000000823a3030,0x000000008cc00000)
 Metaspace       used 79496K, capacity 84130K, committed 84376K, reserved 1122304K
  class space    used 10826K, capacity 11638K, committed 11688K, reserved 1048576K
Event: 7.659 GC heap after
Heap after GC invocations=13 (full 3):
 PSYoungGen      total 418816K, used 29686K [0x00000000d5580000, 0x00000000f2000000, 0x0000000100000000)
  eden space 389120K, 0% used [0x00000000d5580000,0x00000000d5580000,0x00000000ed180000)
  from space 29696K, 99% used [0x00000000ef780000,0x00000000f147daf8,0x00000000f1480000)
  to   space 38912K, 0% used [0x00000000ed180000,0x00000000ed180000,0x00000000ef780000)
 ParOldGen       total 208896K, used 50694K [0x0000000080000000, 0x000000008cc00000, 0x00000000d5580000)
  object space 208896K, 24% used [0x0000000080000000,0x0000000083181958,0x000000008cc00000)
 Metaspace       used 79496K, capacity 84130K, committed 84376K, reserved 1122304K
  class space    used 10826K, capacity 11638K, committed 11688K, reserved 1048576K
}
Event: 8.340 GC heap before
{Heap before GC invocations=14 (full 3):
 PSYoungGen      total 418816K, used 418806K [0x00000000d5580000, 0x00000000f2000000, 0x0000000100000000)
  eden space 389120K, 100% used [0x00000000d5580000,0x00000000ed180000,0x00000000ed180000)
  from space 29696K, 99% used [0x00000000ef780000,0x00000000f147daf8,0x00000000f1480000)
  to   space 38912K, 0% used [0x00000000ed180000,0x00000000ed180000,0x00000000ef780000)
 ParOldGen       total 208896K, used 50696K [0x0000000080000000, 0x000000008cc00000, 0x00000000d5580000)
  object space 208896K, 24% used [0x0000000080000000,0x0000000083182208,0x000000008cc00000)
 Metaspace       used 88786K, capacity 95672K, committed 95768K, reserved 1130496K
  class space    used 12471K, capacity 13859K, committed 13864K, reserved 1048576K
Event: 8.370 GC heap after
Heap after GC invocations=14 (full 3):
 PSYoungGen      total 428032K, used 38890K [0x00000000d5580000, 0x00000000f9780000, 0x0000000100000000)
  eden space 389120K, 0% used [0x00000000d5580000,0x00000000d5580000,0x00000000ed180000)
  from space 38912K, 99% used [0x00000000ed180000,0x00000000ef77a830,0x00000000ef780000)
  to   space 58368K, 0% used [0x00000000f5e80000,0x00000000f5e80000,0x00000000f9780000)
 ParOldGen       total 208896K, used 87162K [0x0000000080000000, 0x000000008cc00000, 0x00000000d5580000)
  object space 208896K, 41% used [0x0000000080000000,0x000000008551e818,0x000000008cc00000)
 Metaspace       used 88786K, capacity 95672K, committed 95768K, reserved 1130496K
  class space    used 12471K, capacity 13859K, committed 13864K, reserved 1048576K
}
Event: 9.755 GC heap before
{Heap before GC invocations=15 (full 3):
 PSYoungGen      total 428032K, used 428010K [0x00000000d5580000, 0x00000000f9780000, 0x0000000100000000)
  eden space 389120K, 100% used [0x00000000d5580000,0x00000000ed180000,0x00000000ed180000)
  from space 38912K, 99% used [0x00000000ed180000,0x00000000ef77a830,0x00000000ef780000)
  to   space 58368K, 0% used [0x00000000f5e80000,0x00000000f5e80000,0x00000000f9780000)
 ParOldGen       total 208896K, used 87162K [0x0000000080000000, 0x000000008cc00000, 0x00000000d5580000)
  object space 208896K, 41% used [0x0000000080000000,0x000000008551e818,0x000000008cc00000)
 Metaspace       used 90465K, capacity 97608K, committed 97944K, reserved 1132544K
  class space    used 12699K, capacity 14149K, committed 14248K, reserved 1048576K
Event: 9.817 GC heap after
Heap after GC invocations=15 (full 3):
 PSYoungGen      total 496640K, used 58347K [0x00000000d5580000, 0x00000000fe980000, 0x0000000100000000)
  eden space 438272K, 0% used [0x00000000d5580000,0x00000000d5580000,0x00000000f0180000)
  from space 58368K, 99% used [0x00000000f5e80000,0x00000000f977ae00,0x00000000f9780000)
  to   space 95232K, 0% used [0x00000000f0180000,0x00000000f0180000,0x00000000f5e80000)
 ParOldGen       total 208896K, used 161540K [0x0000000080000000, 0x000000008cc00000, 0x00000000d5580000)
  object space 208896K, 77% used [0x0000000080000000,0x0000000089dc1110,0x000000008cc00000)
 Metaspace       used 90465K, capacity 97608K, committed 97944K, reserved 1132544K
  class space    used 12699K, capacity 14149K, committed 14248K, reserved 1048576K
}
Event: 10.278 GC heap before
{Heap before GC invocations=16 (full 3):
 PSYoungGen      total 496640K, used 196008K [0x00000000d5580000, 0x00000000fe980000, 0x0000000100000000)
  eden space 438272K, 31% used [0x00000000d5580000,0x00000000ddbef2d0,0x00000000f0180000)
  from space 58368K, 99% used [0x00000000f5e80000,0x00000000f977ae00,0x00000000f9780000)
  to   space 95232K, 0% used [0x00000000f0180000,0x00000000f0180000,0x00000000f5e80000)
 ParOldGen       total 208896K, used 161540K [0x0000000080000000, 0x000000008cc00000, 0x00000000d5580000)
  object space 208896K, 77% used [0x0000000080000000,0x0000000089dc1110,0x000000008cc00000)
 Metaspace       used 91240K, capacity 98432K, committed 98584K, reserved 1134592K
  class space    used 12795K, capacity 14255K, committed 14376K, reserved 1048576K
Event: 10.313 GC heap after
Heap after GC invocations=16 (full 3):
 PSYoungGen      total 533504K, used 1169K [0x00000000d5580000, 0x0000000100000000, 0x0000000100000000)
  eden space 438272K, 0% used [0x00000000d5580000,0x00000000d5580000,0x00000000f0180000)
  from space 95232K, 1% used [0x00000000f0180000,0x00000000f02a4498,0x00000000f5e80000)
  to   space 94720K, 0% used [0x00000000fa380000,0x00000000fa380000,0x0000000100000000)
 ParOldGen       total 208896K, used 198710K [0x0000000080000000, 0x000000008cc00000, 0x00000000d5580000)
  object space 208896K, 95% used [0x0000000080000000,0x000000008c20d958,0x000000008cc00000)
 Metaspace       used 91240K, capacity 98432K, committed 98584K, reserved 1134592K
  class space    used 12795K, capacity 14255K, committed 14376K, reserved 1048576K
}
Event: 10.313 GC heap before
{Heap before GC invocations=17 (full 4):
 PSYoungGen      total 533504K, used 1169K [0x00000000d5580000, 0x0000000100000000, 0x0000000100000000)
  eden space 438272K, 0% used [0x00000000d5580000,0x00000000d5580000,0x00000000f0180000)
  from space 95232K, 1% used [0x00000000f0180000,0x00000000f02a4498,0x00000000f5e80000)
  to   space 94720K, 0% used [0x00000000fa380000,0x00000000fa380000,0x0000000100000000)
 ParOldGen       total 208896K, used 198710K [0x0000000080000000, 0x000000008cc00000, 0x00000000d5580000)
  object space 208896K, 95% used [0x0000000080000000,0x000000008c20d958,0x000000008cc00000)
 Metaspace       used 91240K, capacity 98432K, committed 98584K, reserved 1134592K
  class space    used 12795K, capacity 14255K, committed 14376K, reserved 1048576K
Event: 10.417 GC heap after
Heap after GC invocations=17 (full 4):
 PSYoungGen      total 533504K, used 0K [0x00000000d5580000, 0x0000000100000000, 0x0000000100000000)
  eden space 438272K, 0% used [0x00000000d5580000,0x00000000d5580000,0x00000000f0180000)
  from space 95232K, 0% used [0x00000000f0180000,0x00000000f0180000,0x00000000f5e80000)
  to   space 94720K, 0% used [0x00000000fa380000,0x00000000fa380000,0x0000000100000000)
 ParOldGen       total 339456K, used 73350K [0x0000000080000000, 0x0000000094b80000, 0x00000000d5580000)
  object space 339456K, 21% used [0x0000000080000000,0x00000000847a1938,0x0000000094b80000)
 Metaspace       used 88869K, capacity 92788K, committed 98584K, reserved 1134592K
  class space    used 11960K, capacity 12753K, committed 14376K, reserved 1048576K
}

