# JRE version: OpenJDK Runtime Environment (8.0_242-b01) (build 1.8.0_242-release-1644-b01)
# Java VM: OpenJDK 64-Bit Server VM (25.242-b01 mixed mode windows-amd64 compressed oops)
Heap:
 PSYoungGen      total 231424K, used 43998K [0x00000000d5580000, 0x00000000e4680000, 0x0000000100000000)
  eden space 216576K, 13% used [0x00000000d5580000,0x00000000d71fec38,0x00000000e2900000)
  from space 14848K, 99% used [0x00000000e2900000,0x00000000e3778fa0,0x00000000e3780000)
  to   space 15360K, 0% used [0x00000000e3780000,0x00000000e3780000,0x00000000e4680000)
 ParOldGen       total 147968K, used 26619K [0x0000000080000000, 0x0000000089080000, 0x00000000d5580000)
  object space 147968K, 17% used [0x0000000080000000,0x00000000819fec20,0x0000000089080000)
 Metaspace       used 54291K, capacity 56272K, committed 56408K, reserved 1097728K
  class space    used 7341K, capacity 7757K, committed 7808K, reserved 1048576K
GC Heap History (10 events):
Event: 1.431 GC heap before
{Heap before GC invocations=5 (full 1):
 PSYoungGen      total 141824K, used 7620K [0x00000000d5580000, 0x00000000dea80000, 0x0000000100000000)
  eden space 131072K, 0% used [0x00000000d5580000,0x00000000d5580000,0x00000000dd580000)
  from space 10752K, 70% used [0x00000000de000000,0x00000000de771010,0x00000000dea80000)
  to   space 10752K, 0% used [0x00000000dd580000,0x00000000dd580000,0x00000000de000000)
 ParOldGen       total 175104K, used 1202K [0x0000000080000000, 0x000000008ab00000, 0x00000000d5580000)
  object space 175104K, 0% used [0x0000000080000000,0x000000008012ca50,0x000000008ab00000)
 Metaspace       used 20565K, capacity 21154K, committed 21248K, reserved 1067008K
  class space    used 2875K, capacity 3059K, committed 3072K, reserved 1048576K
Event: 1.451 GC heap after
Heap after GC invocations=5 (full 1):
 PSYoungGen      total 141824K, used 0K [0x00000000d5580000, 0x00000000dea80000, 0x0000000100000000)
  eden space 131072K, 0% used [0x00000000d5580000,0x00000000d5580000,0x00000000dd580000)
  from space 10752K, 0% used [0x00000000de000000,0x00000000de000000,0x00000000dea80000)
  to   space 10752K, 0% used [0x00000000dd580000,0x00000000dd580000,0x00000000de000000)
 ParOldGen       total 94720K, used 7384K [0x0000000080000000, 0x0000000085c80000, 0x00000000d5580000)
  object space 94720K, 7% used [0x0000000080000000,0x0000000080736340,0x0000000085c80000)
 Metaspace       used 20565K, capacity 21154K, committed 21248K, reserved 1067008K
  class space    used 2875K, capacity 3059K, committed 3072K, reserved 1048576K
}
Event: 2.101 GC heap before
{Heap before GC invocations=6 (full 1):
 PSYoungGen      total 141824K, used 131072K [0x00000000d5580000, 0x00000000dea80000, 0x0000000100000000)
  eden space 131072K, 100% used [0x00000000d5580000,0x00000000dd580000,0x00000000dd580000)
  from space 10752K, 0% used [0x00000000de000000,0x00000000de000000,0x00000000dea80000)
  to   space 10752K, 0% used [0x00000000dd580000,0x00000000dd580000,0x00000000de000000)
 ParOldGen       total 94720K, used 7384K [0x0000000080000000, 0x0000000085c80000, 0x00000000d5580000)
  object space 94720K, 7% used [0x0000000080000000,0x0000000080736340,0x0000000085c80000)
 Metaspace       used 31809K, capacity 32526K, committed 32768K, reserved 1077248K
  class space    used 4320K, capacity 4520K, committed 4608K, reserved 1048576K
Event: 2.107 GC heap after
Heap after GC invocations=6 (full 1):
 PSYoungGen      total 141824K, used 10725K [0x00000000d5580000, 0x00000000e4680000, 0x0000000100000000)
  eden space 131072K, 0% used [0x00000000d5580000,0x00000000d5580000,0x00000000dd580000)
  from space 10752K, 99% used [0x00000000dd580000,0x00000000ddff95e8,0x00000000de000000)
  to   space 15360K, 0% used [0x00000000e3780000,0x00000000e3780000,0x00000000e4680000)
 ParOldGen       total 94720K, used 10085K [0x0000000080000000, 0x0000000085c80000, 0x00000000d5580000)
  object space 94720K, 10% used [0x0000000080000000,0x00000000809d97f0,0x0000000085c80000)
 Metaspace       used 31809K, capacity 32526K, committed 32768K, reserved 1077248K
  class space    used 4320K, capacity 4520K, committed 4608K, reserved 1048576K
}
Event: 2.327 GC heap before
{Heap before GC invocations=7 (full 1):
 PSYoungGen      total 141824K, used 69959K [0x00000000d5580000, 0x00000000e4680000, 0x0000000100000000)
  eden space 131072K, 45% used [0x00000000d5580000,0x00000000d8f58a00,0x00000000dd580000)
  from space 10752K, 99% used [0x00000000dd580000,0x00000000ddff95e8,0x00000000de000000)
  to   space 15360K, 0% used [0x00000000e3780000,0x00000000e3780000,0x00000000e4680000)
 ParOldGen       total 94720K, used 10085K [0x0000000080000000, 0x0000000085c80000, 0x00000000d5580000)
  object space 94720K, 10% used [0x0000000080000000,0x00000000809d97f0,0x0000000085c80000)
 Metaspace       used 34456K, capacity 35320K, committed 35416K, reserved 1079296K
  class space    used 4699K, capacity 4915K, committed 4992K, reserved 1048576K
Event: 2.333 GC heap after
Heap after GC invocations=7 (full 1):
 PSYoungGen      total 231936K, used 10239K [0x00000000d5580000, 0x00000000e4680000, 0x0000000100000000)
  eden space 216576K, 0% used [0x00000000d5580000,0x00000000d5580000,0x00000000e2900000)
  from space 15360K, 66% used [0x00000000e3780000,0x00000000e417fdd8,0x00000000e4680000)
  to   space 14848K, 0% used [0x00000000e2900000,0x00000000e2900000,0x00000000e3780000)
 ParOldGen       total 94720K, used 10093K [0x0000000080000000, 0x0000000085c80000, 0x00000000d5580000)
  object space 94720K, 10% used [0x0000000080000000,0x00000000809db7f0,0x0000000085c80000)
 Metaspace       used 34456K, capacity 35320K, committed 35416K, reserved 1079296K
  class space    used 4699K, capacity 4915K, committed 4992K, reserved 1048576K
}
Event: 2.334 GC heap before
{Heap before GC invocations=8 (full 2):
 PSYoungGen      total 231936K, used 10239K [0x00000000d5580000, 0x00000000e4680000, 0x0000000100000000)
  eden space 216576K, 0% used [0x00000000d5580000,0x00000000d5580000,0x00000000e2900000)
  from space 15360K, 66% used [0x00000000e3780000,0x00000000e417fdd8,0x00000000e4680000)
  to   space 14848K, 0% used [0x00000000e2900000,0x00000000e2900000,0x00000000e3780000)
 ParOldGen       total 94720K, used 10093K [0x0000000080000000, 0x0000000085c80000, 0x00000000d5580000)
  object space 94720K, 10% used [0x0000000080000000,0x00000000809db7f0,0x0000000085c80000)
 Metaspace       used 34456K, capacity 35320K, committed 35416K, reserved 1079296K
  class space    used 4699K, capacity 4915K, committed 4992K, reserved 1048576K
Event: 2.366 GC heap after
Heap after GC invocations=8 (full 2):
 PSYoungGen      total 231936K, used 0K [0x00000000d5580000, 0x00000000e4680000, 0x0000000100000000)
  eden space 216576K, 0% used [0x00000000d5580000,0x00000000d5580000,0x00000000e2900000)
  from space 15360K, 0% used [0x00000000e3780000,0x00000000e3780000,0x00000000e4680000)
  to   space 14848K, 0% used [0x00000000e2900000,0x00000000e2900000,0x00000000e3780000)
 ParOldGen       total 147968K, used 16785K [0x0000000080000000, 0x0000000089080000, 0x00000000d5580000)
  object space 147968K, 11% used [0x0000000080000000,0x0000000081064740,0x0000000089080000)
 Metaspace       used 34456K, capacity 35320K, committed 35416K, reserved 1079296K
  class space    used 4699K, capacity 4915K, committed 4992K, reserved 1048576K
}
Event: 3.604 GC heap before
{Heap before GC invocations=9 (full 2):
 PSYoungGen      total 231936K, used 216576K [0x00000000d5580000, 0x00000000e4680000, 0x0000000100000000)
  eden space 216576K, 100% used [0x00000000d5580000,0x00000000e2900000,0x00000000e2900000)
  from space 15360K, 0% used [0x00000000e3780000,0x00000000e3780000,0x00000000e4680000)
  to   space 14848K, 0% used [0x00000000e2900000,0x00000000e2900000,0x00000000e3780000)
 ParOldGen       total 147968K, used 16785K [0x0000000080000000, 0x0000000089080000, 0x00000000d5580000)
  object space 147968K, 11% used [0x0000000080000000,0x0000000081064740,0x0000000089080000)
 Metaspace       used 51131K, capacity 52812K, committed 53080K, reserved 1095680K
  class space    used 6810K, capacity 7187K, committed 7296K, reserved 1048576K
Event: 3.618 GC heap after
Heap after GC invocations=9 (full 2):
 PSYoungGen      total 231424K, used 14819K [0x00000000d5580000, 0x00000000e4680000, 0x0000000100000000)
  eden space 216576K, 0% used [0x00000000d5580000,0x00000000d5580000,0x00000000e2900000)
  from space 14848K, 99% used [0x00000000e2900000,0x00000000e3778fa0,0x00000000e3780000)
  to   space 15360K, 0% used [0x00000000e3780000,0x00000000e3780000,0x00000000e4680000)
 ParOldGen       total 147968K, used 26619K [0x0000000080000000, 0x0000000089080000, 0x00000000d5580000)
  object space 147968K, 17% used [0x0000000080000000,0x00000000819fec20,0x0000000089080000)
 Metaspace       used 51131K, capacity 52812K, committed 53080K, reserved 1095680K
  class space    used 6810K, capacity 7187K, committed 7296K, reserved 1048576K
}

