# JRE version: OpenJDK Runtime Environment (8.0_242-b01) (build 1.8.0_242-release-1644-b01)
# Java VM: OpenJDK 64-Bit Server VM (25.242-b01 mixed mode windows-amd64 compressed oops)
Heap:
 PSYoungGen      total 578048K, used 256892K [0x00000000d5580000, 0x0000000100000000, 0x0000000100000000)
  eden space 471552K, 43% used [0x00000000d5580000,0x00000000e1c9f418,0x00000000f2200000)
  from space 106496K, 49% used [0x00000000f9800000,0x00000000fcbbfc08,0x0000000100000000)
  to   space 113664K, 0% used [0x00000000f2200000,0x00000000f2200000,0x00000000f9100000)
 ParOldGen       total 222720K, used 77621K [0x0000000080000000, 0x000000008d980000, 0x00000000d5580000)
  object space 222720K, 34% used [0x0000000080000000,0x0000000084bcd5b8,0x000000008d980000)
 Metaspace       used 99751K, capacity 104597K, committed 105752K, reserved 1140736K
  class space    used 13111K, capacity 14102K, committed 14384K, reserved 1048576K
GC Heap History (10 events):
Event: 9.492 GC heap before
{Heap before GC invocations=17 (full 3):
 PSYoungGen      total 501760K, used 489003K [0x00000000d5580000, 0x00000000fc680000, 0x0000000100000000)
  eden space 456192K, 100% used [0x00000000d5580000,0x00000000f1300000,0x00000000f1300000)
  from space 45568K, 72% used [0x00000000f1300000,0x00000000f330ad18,0x00000000f3f80000)
  to   space 47616K, 0% used [0x00000000f9800000,0x00000000f9800000,0x00000000fc680000)
 ParOldGen       total 208896K, used 86682K [0x0000000080000000, 0x000000008cc00000, 0x00000000d5580000)
  object space 208896K, 41% used [0x0000000080000000,0x00000000854a6880,0x000000008cc00000)
 Metaspace       used 82196K, capacity 88035K, committed 88216K, reserved 1124352K
  class space    used 11289K, capacity 12385K, committed 12464K, reserved 1048576K
Event: 9.546 GC heap after
Heap after GC invocations=17 (full 3):
 PSYoungGen      total 561664K, used 47607K [0x00000000d5580000, 0x0000000100000000, 0x0000000100000000)
  eden space 514048K, 0% used [0x00000000d5580000,0x00000000d5580000,0x00000000f4b80000)
  from space 47616K, 99% used [0x00000000f9800000,0x00000000fc67df18,0x00000000fc680000)
  to   space 78336K, 0% used [0x00000000f4b80000,0x00000000f4b80000,0x00000000f9800000)
 ParOldGen       total 208896K, used 151143K [0x0000000080000000, 0x000000008cc00000, 0x00000000d5580000)
  object space 208896K, 72% used [0x0000000080000000,0x0000000089399e50,0x000000008cc00000)
 Metaspace       used 82196K, capacity 88035K, committed 88216K, reserved 1124352K
  class space    used 11289K, capacity 12385K, committed 12464K, reserved 1048576K
}
Event: 11.279 GC heap before
{Heap before GC invocations=18 (full 3):
 PSYoungGen      total 561664K, used 561405K [0x00000000d5580000, 0x0000000100000000, 0x0000000100000000)
  eden space 514048K, 99% used [0x00000000d5580000,0x00000000f4b41888,0x00000000f4b80000)
  from space 47616K, 99% used [0x00000000f9800000,0x00000000fc67df18,0x00000000fc680000)
  to   space 78336K, 0% used [0x00000000f4b80000,0x00000000f4b80000,0x00000000f9800000)
 ParOldGen       total 208896K, used 151143K [0x0000000080000000, 0x000000008cc00000, 0x00000000d5580000)
  object space 208896K, 72% used [0x0000000080000000,0x0000000089399e50,0x000000008cc00000)
 Metaspace       used 82414K, capacity 88209K, committed 88472K, reserved 1126400K
  class space    used 11302K, capacity 12394K, committed 12464K, reserved 1048576K
Event: 11.344 GC heap after
Heap after GC invocations=18 (full 3):
 PSYoungGen      total 592384K, used 78317K [0x00000000d5580000, 0x0000000100000000, 0x0000000100000000)
  eden space 514048K, 0% used [0x00000000d5580000,0x00000000d5580000,0x00000000f4b80000)
  from space 78336K, 99% used [0x00000000f4b80000,0x00000000f97fb748,0x00000000f9800000)
  to   space 106496K, 0% used [0x00000000f9800000,0x00000000f9800000,0x0000000100000000)
 ParOldGen       total 222720K, used 222257K [0x0000000080000000, 0x000000008d980000, 0x00000000d5580000)
  object space 222720K, 99% used [0x0000000080000000,0x000000008d90c748,0x000000008d980000)
 Metaspace       used 82414K, capacity 88209K, committed 88472K, reserved 1126400K
  class space    used 11302K, capacity 12394K, committed 12464K, reserved 1048576K
}
Event: 11.344 GC heap before
{Heap before GC invocations=19 (full 4):
 PSYoungGen      total 592384K, used 78317K [0x00000000d5580000, 0x0000000100000000, 0x0000000100000000)
  eden space 514048K, 0% used [0x00000000d5580000,0x00000000d5580000,0x00000000f4b80000)
  from space 78336K, 99% used [0x00000000f4b80000,0x00000000f97fb748,0x00000000f9800000)
  to   space 106496K, 0% used [0x00000000f9800000,0x00000000f9800000,0x0000000100000000)
 ParOldGen       total 222720K, used 222257K [0x0000000080000000, 0x000000008d980000, 0x00000000d5580000)
  object space 222720K, 99% used [0x0000000080000000,0x000000008d90c748,0x000000008d980000)
 Metaspace       used 82414K, capacity 88209K, committed 88472K, reserved 1126400K
  class space    used 11302K, capacity 12394K, committed 12464K, reserved 1048576K
Event: 11.635 GC heap after
Heap after GC invocations=19 (full 4):
 PSYoungGen      total 592384K, used 0K [0x00000000d5580000, 0x0000000100000000, 0x0000000100000000)
  eden space 514048K, 0% used [0x00000000d5580000,0x00000000d5580000,0x00000000f4b80000)
  from space 78336K, 0% used [0x00000000f4b80000,0x00000000f4b80000,0x00000000f9800000)
  to   space 106496K, 0% used [0x00000000f9800000,0x00000000f9800000,0x0000000100000000)
 ParOldGen       total 222720K, used 162842K [0x0000000080000000, 0x000000008d980000, 0x00000000d5580000)
  object space 222720K, 73% used [0x0000000080000000,0x0000000089f06b40,0x000000008d980000)
 Metaspace       used 81412K, capacity 85355K, committed 88472K, reserved 1126400K
  class space    used 10970K, capacity 11801K, committed 12464K, reserved 1048576K
}
Event: 127.654 GC heap before
{Heap before GC invocations=20 (full 5):
 PSYoungGen      total 592384K, used 514048K [0x00000000d5580000, 0x0000000100000000, 0x0000000100000000)
  eden space 514048K, 100% used [0x00000000d5580000,0x00000000f4b80000,0x00000000f4b80000)
  from space 78336K, 0% used [0x00000000f4b80000,0x00000000f4b80000,0x00000000f9800000)
  to   space 106496K, 0% used [0x00000000f9800000,0x00000000f9800000,0x0000000100000000)
 ParOldGen       total 222720K, used 162842K [0x0000000080000000, 0x000000008d980000, 0x00000000d5580000)
  object space 222720K, 73% used [0x0000000080000000,0x0000000089f06b40,0x000000008d980000)
 Metaspace       used 90716K, capacity 95079K, committed 97048K, reserved 1132544K
  class space    used 12010K, capacity 12893K, committed 13360K, reserved 1048576K
Event: 127.748 GC heap after
Heap after GC invocations=20 (full 5):
 PSYoungGen      total 592384K, used 0K [0x00000000d5580000, 0x0000000100000000, 0x0000000100000000)
  eden space 514048K, 0% used [0x00000000d5580000,0x00000000d5580000,0x00000000f4b80000)
  from space 78336K, 0% used [0x00000000f4b80000,0x00000000f4b80000,0x00000000f9800000)
  to   space 106496K, 0% used [0x00000000f9800000,0x00000000f9800000,0x0000000100000000)
 ParOldGen       total 222720K, used 77613K [0x0000000080000000, 0x000000008d980000, 0x00000000d5580000)
  object space 222720K, 34% used [0x0000000080000000,0x0000000084bcb5b8,0x000000008d980000)
 Metaspace       used 90716K, capacity 95079K, committed 97048K, reserved 1132544K
  class space    used 12010K, capacity 12893K, committed 13360K, reserved 1048576K
}
Event: 130.309 GC heap before
{Heap before GC invocations=21 (full 5):
 PSYoungGen      total 592384K, used 514048K [0x00000000d5580000, 0x0000000100000000, 0x0000000100000000)
  eden space 514048K, 100% used [0x00000000d5580000,0x00000000f4b80000,0x00000000f4b80000)
  from space 78336K, 0% used [0x00000000f4b80000,0x00000000f4b80000,0x00000000f9800000)
  to   space 106496K, 0% used [0x00000000f9800000,0x00000000f9800000,0x0000000100000000)
 ParOldGen       total 222720K, used 77613K [0x0000000080000000, 0x000000008d980000, 0x00000000d5580000)
  object space 222720K, 34% used [0x0000000080000000,0x0000000084bcb5b8,0x000000008d980000)
 Metaspace       used 99642K, capacity 104561K, committed 105752K, reserved 1140736K
  class space    used 13104K, capacity 14096K, committed 14384K, reserved 1048576K
Event: 130.331 GC heap after
Heap after GC invocations=21 (full 5):
 PSYoungGen      total 578048K, used 52991K [0x00000000d5580000, 0x0000000100000000, 0x0000000100000000)
  eden space 471552K, 0% used [0x00000000d5580000,0x00000000d5580000,0x00000000f2200000)
  from space 106496K, 49% used [0x00000000f9800000,0x00000000fcbbfc08,0x0000000100000000)
  to   space 113664K, 0% used [0x00000000f2200000,0x00000000f2200000,0x00000000f9100000)
 ParOldGen       total 222720K, used 77621K [0x0000000080000000, 0x000000008d980000, 0x00000000d5580000)
  object space 222720K, 34% used [0x0000000080000000,0x0000000084bcd5b8,0x000000008d980000)
 Metaspace       used 99642K, capacity 104561K, committed 105752K, reserved 1140736K
  class space    used 13104K, capacity 14096K, committed 14384K, reserved 1048576K
}

